<?xml version="1.0" encoding="UTF-8"?>
<testsuite name="com.coupang.dcache.HttpCacheTest" tests="3" skipped="0" failures="0" errors="0" timestamp="2025-05-03T04:30:42.611Z" hostname="Anaragashas-iMac.local" time="1.006">
  <properties/>
  <testcase name="testFetchCacheHit()" classname="com.coupang.dcache.HttpCacheTest" time="0.969"/>
  <testcase name="testSetupTable()" classname="com.coupang.dcache.HttpCacheTest" time="0.028"/>
  <testcase name="testInvalidate()" classname="com.coupang.dcache.HttpCacheTest" time="0.006"/>
  <system-out><![CDATA[Standard Commons Logging discovery in action with spring-jcl: please remove commons-logging.jar from classpath in order to avoid potential conflicts
10:00:43.605 [Test worker] INFO com.coupang.dcache.HttpCache -- Waiting for table test-cache to be created...
10:00:43.607 [Test worker] INFO com.coupang.dcache.HttpCache -- Table test-cache created successfully with TTL enabled on 'expires' attribute
]]></system-out>
  <system-err><![CDATA[]]></system-err>
</testsuite>
